<?xml version="1.0" encoding="UTF-8"?>
<testng-results ignored="0" total="1" passed="1" failed="0" skipped="0">
  <reporter-output>
  </reporter-output>
  <suite started-at="2023-01-12T10:02:27 IST" name="Default suite" finished-at="2023-01-12T10:02:39 IST" duration-ms="11921">
    <groups>
    </groups>
    <test started-at="2023-01-12T10:02:27 IST" name="Default test" finished-at="2023-01-12T10:02:39 IST" duration-ms="11921">
      <class name="PracticeE2E.testClasses.Test1">
        <test-method is-config="true" signature="systemSetup()[pri:0, instance:PracticeE2E.testClasses.Test1@7bba5817]" started-at="2023-01-12T10:02:27 IST" name="systemSetup" finished-at="2023-01-12T10:02:35 IST" duration-ms="7429" status="PASS">
          <reporter-output>
          </reporter-output>
        </test-method> <!-- systemSetup -->
        <test-method signature="login()[pri:0, instance:PracticeE2E.testClasses.Test1@7bba5817]" started-at="2023-01-12T10:02:35 IST" name="login" finished-at="2023-01-12T10:02:37 IST" duration-ms="2577" status="PASS">
          <reporter-output>
          </reporter-output>
        </test-method> <!-- login -->
        <test-method is-config="true" signature="close()[pri:0, instance:PracticeE2E.testClasses.Test1@7bba5817]" started-at="2023-01-12T10:02:38 IST" name="close" finished-at="2023-01-12T10:02:39 IST" duration-ms="1841" status="PASS">
          <reporter-output>
          </reporter-output>
        </test-method> <!-- close -->
      </class> <!-- PracticeE2E.testClasses.Test1 -->
    </test> <!-- Default test -->
  </suite> <!-- Default suite -->
</testng-results>
