<?xml version="1.0" encoding="UTF-8"?>
<testng-results ignored="0" total="2" passed="2" failed="0" skipped="0">
  <reporter-output>
  </reporter-output>
  <suite started-at="2023-01-12T23:44:14 IST" name="Default suite" finished-at="2023-01-12T23:44:29 IST" duration-ms="15031">
    <groups>
    </groups>
    <test started-at="2023-01-12T23:44:14 IST" name="Default test" finished-at="2023-01-12T23:44:29 IST" duration-ms="15031">
      <class name="PracticeE2E.testClasses.Test1">
        <test-method is-config="true" signature="systemSetup()[pri:0, instance:PracticeE2E.testClasses.Test1@173ed316]" started-at="2023-01-12T23:44:14 IST" name="systemSetup" finished-at="2023-01-12T23:44:21 IST" duration-ms="6752" status="PASS">
          <reporter-output>
          </reporter-output>
        </test-method> <!-- systemSetup -->
        <test-method signature="login()[pri:1, instance:PracticeE2E.testClasses.Test1@173ed316]" started-at="2023-01-12T23:44:21 IST" name="login" finished-at="2023-01-12T23:44:25 IST" duration-ms="4038" status="PASS">
          <reporter-output>
          </reporter-output>
        </test-method> <!-- login -->
        <test-method signature="supportClick()[pri:2, instance:PracticeE2E.testClasses.Test1@173ed316]" started-at="2023-01-12T23:44:25 IST" name="supportClick" finished-at="2023-01-12T23:44:29 IST" duration-ms="3935" status="PASS">
          <reporter-output>
          </reporter-output>
        </test-method> <!-- supportClick -->
        <test-method is-config="true" signature="close()[pri:0, instance:PracticeE2E.testClasses.Test1@173ed316]" started-at="2023-01-12T23:44:29 IST" name="close" finished-at="2023-01-12T23:44:29 IST" duration-ms="252" status="PASS">
          <reporter-output>
          </reporter-output>
        </test-method> <!-- close -->
      </class> <!-- PracticeE2E.testClasses.Test1 -->
    </test> <!-- Default test -->
  </suite> <!-- Default suite -->
</testng-results>
